#
# There is insufficient memory for the Java Runtime Environment to continue.
# Native memory allocation (mmap) failed to map 335544320 bytes for G1 virtual space
# Possible reasons:
#   The system is out of physical RAM or swap space
#   The process is running with CompressedOops enabled, and the Java Heap may be blocking the growth of the native heap
# Possible solutions:
#   Reduce memory load on the system
#   Increase physical memory or swap space
#   Check if swap backing store is full
#   Decrease Java heap size (-Xmx/-Xms)
#   Decrease number of Java threads
#   Decrease Java thread stack sizes (-Xss)
#   Set larger code cache with -XX:ReservedCodeCacheSize=
#   JVM is running with Zero Based Compressed Oops mode in which the Java heap is
#     placed in the first 32GB address space. The Java Heap base address is the
#     maximum limit for the native heap growth. Please use -XX:HeapBaseMinAddress
#     to set the Java Heap base and to place the Java Heap above 32GB virtual address.
# This output file may be truncated or incomplete.
#
#  Out of Memory Error (os_windows.cpp:3535), pid=110688, tid=112852
#
# JRE version:  (17.0.3.1+2) (build )
# Java VM: Java HotSpot(TM) 64-Bit Server VM (17.0.3.1+2-LTS-6, mixed mode, sharing, tiered, compressed oops, compressed class ptrs, g1 gc, windows-amd64)
# No core dump will be written. Minidumps are not enabled by default on client versions of Windows
#

---------------  S U M M A R Y ------------

Command Line: -javaagent:C:\Program Files\JetBrains\IntelliJ IDEA Community Edition 2022.1.2\lib\idea_rt.jar=55351:C:\Program Files\JetBrains\IntelliJ IDEA Community Edition 2022.1.2\bin -Dfile.encoding=UTF-8 com.estevao.tree.main

Host: Intel(R) Core(TM) i5-10210U CPU @ 1.60GHz, 8 cores, 19G,  Windows 10 , 64 bit Build 19041 (10.0.19041.3393)
Time: Sat Oct  7 11:04:16 2023 Hora oficial do Brasil elapsed time: 0.015119 seconds (0d 0h 0m 0s)

---------------  T H R E A D  ---------------

Current thread (0x000001eae4e6c650):  JavaThread "Unknown thread" [_thread_in_vm, id=112852, stack(0x000000a429900000,0x000000a429a00000)]

Stack: [0x000000a429900000,0x000000a429a00000]
Native frames: (J=compiled Java code, j=interpreted, Vv=VM code, C=native code)
V  [jvm.dll+0x6711ba]
V  [jvm.dll+0x7d0834]
V  [jvm.dll+0x7d1fde]
V  [jvm.dll+0x7d2643]
V  [jvm.dll+0x242c85]
V  [jvm.dll+0x66e0d9]
V  [jvm.dll+0x662a22]
V  [jvm.dll+0x300ddb]
V  [jvm.dll+0x308376]
V  [jvm.dll+0x357f7e]
V  [jvm.dll+0x3581af]
V  [jvm.dll+0x2d7ff8]
V  [jvm.dll+0x2d8f64]
V  [jvm.dll+0x7a2411]
V  [jvm.dll+0x365d01]
V  [jvm.dll+0x78187c]
V  [jvm.dll+0x3e873f]
V  [jvm.dll+0x3ea1e1]
C  [jli.dll+0x527b]
C  [ucrtbase.dll+0x21bb2]
C  [KERNEL32.DLL+0x17344]
C  [ntdll.dll+0x526b1]


---------------  P R O C E S S  ---------------

Threads class SMR info:
_java_thread_list=0x00007ff8b7059858, length=0, elements={
}

Java Threads: ( => current thread )

Other Threads:
  0x000001eae4ee4250 GCTaskThread "GC Thread#0" [stack: 0x000000a429b00000,0x000000a429c00000] [id=112944]
  0x000001eae4eef140 ConcurrentGCThread "G1 Main Marker" [stack: 0x000000a429c00000,0x000000a429d00000] [id=12424]
  0x000001eae4eefa60 ConcurrentGCThread "G1 Conc#0" [stack: 0x000000a429d00000,0x000000a429e00000] [id=112484]

[error occurred during error reporting (printing all threads), id 0xc0000005, EXCEPTION_ACCESS_VIOLATION (0xc0000005) at pc=0x00007ff8b68a89e7]

VM state: not at safepoint (not fully initialized)

VM Mutex/Monitor currently owned by a thread:  ([mutex/lock_event])
[0x000001eae4e67dc0] Heap_lock - owner thread: 0x000001eae4e6c650

Heap address: 0x00000006c2800000, size: 5080 MB, Compressed Oops mode: Zero based, Oop shift amount: 3

CDS archive(s) mapped at: [0x0000000000000000-0x0000000000000000-0x0000000000000000), size 0, SharedBaseAddress: 0x0000000800000000, ArchiveRelocationMode: 0.
Narrow klass base: 0x0000000000000000, Narrow klass shift: 0, Narrow klass range: 0x0

GC Precious Log:
<Empty>

Heap:
 garbage-first heap   total 0K, used 0K [0x00000006c2800000, 0x0000000800000000)
  region size 4096K, 0 young (0K), 0 survivors (0K)

[error occurred during error reporting (printing heap information), id 0xc0000005, EXCEPTION_ACCESS_VIOLATION (0xc0000005) at pc=0x00007ff8b6c8a629]

GC Heap History (0 events):
No events

Deoptimization events (0 events):
No events

Classes unloaded (0 events):
No events

Classes redefined (0 events):
No events

Internal exceptions (0 events):
No events

VM Operations (0 events):
No events

Events (1 events):
Event: 0.011 Loaded shared library C:\Program Files\Java\jdk-17.0.3.1\bin\java.dll


Dynamic libraries:
0x00007ff7da820000 - 0x00007ff7da830000 	C:\Program Files\Java\jdk-17.0.3.1\bin\java.exe
0x00007ff8f7ab0000 - 0x00007ff8f7ca8000 	C:\Windows\SYSTEM32\ntdll.dll
0x00007ff8f5b10000 - 0x00007ff8f5bcd000 	C:\Windows\System32\KERNEL32.DLL
0x00007ff8f5660000 - 0x00007ff8f5956000 	C:\Windows\System32\KERNELBASE.dll
0x00007ff8f5a10000 - 0x00007ff8f5b10000 	C:\Windows\System32\ucrtbase.dll
0x00007ff8ee3e0000 - 0x00007ff8ee3f8000 	C:\Program Files\Java\jdk-17.0.3.1\bin\jli.dll
0x00007ff8f7270000 - 0x00007ff8f731e000 	C:\Windows\System32\ADVAPI32.dll
0x00007ff8f6ef0000 - 0x00007ff8f6f8e000 	C:\Windows\System32\msvcrt.dll
0x00007ff8f5fc0000 - 0x00007ff8f605c000 	C:\Windows\System32\sechost.dll
0x00007ff8f5e90000 - 0x00007ff8f5fb6000 	C:\Windows\System32\RPCRT4.dll
0x00007ff8f5bd0000 - 0x00007ff8f5d6e000 	C:\Windows\System32\USER32.dll
0x00007ff8f51c0000 - 0x00007ff8f51e2000 	C:\Windows\System32\win32u.dll
0x00007ff8f6b80000 - 0x00007ff8f6bac000 	C:\Windows\System32\GDI32.dll
0x00007ff8f5540000 - 0x00007ff8f565a000 	C:\Windows\System32\gdi32full.dll
0x00007ff8f54a0000 - 0x00007ff8f553d000 	C:\Windows\System32\msvcp_win.dll
0x00007ff8ee3b0000 - 0x00007ff8ee3ca000 	C:\Program Files\Java\jdk-17.0.3.1\bin\VCRUNTIME140.dll
0x00007ff8e8260000 - 0x00007ff8e84fa000 	C:\Windows\WinSxS\amd64_microsoft.windows.common-controls_6595b64144ccf1df_6.0.19041.1110_none_60b5254171f9507e\COMCTL32.dll
0x00007ff8ee560000 - 0x00007ff8ee56a000 	C:\Windows\SYSTEM32\VERSION.dll
0x00007ff8f6b50000 - 0x00007ff8f6b80000 	C:\Windows\System32\IMM32.DLL
0x00007ff8dfbb0000 - 0x00007ff8dfd13000 	C:\Program Files (x86)\Citrix\ICA Client\epclient64.dll
0x00007ff8f5190000 - 0x00007ff8f51b7000 	C:\Windows\System32\bcrypt.dll
0x00007ff8f61b0000 - 0x00007ff8f6504000 	C:\Windows\System32\combase.dll
0x00007ff8f4250000 - 0x00007ff8f4283000 	C:\Windows\SYSTEM32\ntmarta.dll
0x00007ff8f53a0000 - 0x00007ff8f5422000 	C:\Windows\System32\bcryptprimitives.dll
0x00007ff8f3890000 - 0x00007ff8f38a2000 	C:\Windows\SYSTEM32\kernel.appcore.dll
0x00007ff8ede00000 - 0x00007ff8ede0c000 	C:\Program Files\Java\jdk-17.0.3.1\bin\vcruntime140_1.dll
0x00007ff8d7b90000 - 0x00007ff8d7c1d000 	C:\Program Files\Java\jdk-17.0.3.1\bin\msvcp140.dll
0x00007ff8b65c0000 - 0x00007ff8b7180000 	C:\Program Files\Java\jdk-17.0.3.1\bin\server\jvm.dll
0x00007ff8f6650000 - 0x00007ff8f6658000 	C:\Windows\System32\PSAPI.DLL
0x00007ff8ea540000 - 0x00007ff8ea549000 	C:\Windows\SYSTEM32\WSOCK32.dll
0x00007ff8f7080000 - 0x00007ff8f70eb000 	C:\Windows\System32\WS2_32.dll
0x00007ff8e6f60000 - 0x00007ff8e6f87000 	C:\Windows\SYSTEM32\WINMM.dll
0x00007ff8ece40000 - 0x00007ff8ece4a000 	C:\Program Files\Java\jdk-17.0.3.1\bin\jimage.dll
0x00007ff8f2cf0000 - 0x00007ff8f2ed4000 	C:\Windows\SYSTEM32\DBGHELP.DLL
0x00007ff8ee110000 - 0x00007ff8ee144000 	C:\Windows\SYSTEM32\dbgcore.DLL
0x00007ff8ef500000 - 0x00007ff8ef50e000 	C:\Program Files\Java\jdk-17.0.3.1\bin\instrument.dll
0x00007ff8e75a0000 - 0x00007ff8e75c5000 	C:\Program Files\Java\jdk-17.0.3.1\bin\java.dll

dbghelp: loaded successfully - version: 4.0.5 - missing functions: none
symbol engine: initialized successfully - sym options: 0x614 - pdb path: .;C:\Program Files\Java\jdk-17.0.3.1\bin;C:\Windows\SYSTEM32;C:\Windows\WinSxS\amd64_microsoft.windows.common-controls_6595b64144ccf1df_6.0.19041.1110_none_60b5254171f9507e;C:\Program Files (x86)\Citrix\ICA Client;C:\Program Files\Java\jdk-17.0.3.1\bin\server

VM Arguments:
jvm_args: -javaagent:C:\Program Files\JetBrains\IntelliJ IDEA Community Edition 2022.1.2\lib\idea_rt.jar=55351:C:\Program Files\JetBrains\IntelliJ IDEA Community Edition 2022.1.2\bin -Dfile.encoding=UTF-8 
java_command: com.estevao.tree.main
java_class_path (initial): C:\Users\Lenovo\Documents\tree\target\classes
Launcher Type: SUN_STANDARD

[Global flags]
     intx CICompilerCount                          = 4                                         {product} {ergonomic}
     uint ConcGCThreads                            = 2                                         {product} {ergonomic}
     uint G1ConcRefinementThreads                  = 8                                         {product} {ergonomic}
   size_t G1HeapRegionSize                         = 4194304                                   {product} {ergonomic}
    uintx GCDrainStackTargetSize                   = 64                                        {product} {ergonomic}
   size_t InitialHeapSize                          = 335544320                                 {product} {ergonomic}
   size_t MarkStackSize                            = 4194304                                   {product} {ergonomic}
   size_t MaxHeapSize                              = 5326766080                                {product} {ergonomic}
   size_t MinHeapDeltaBytes                        = 4194304                                   {product} {ergonomic}
   size_t MinHeapSize                              = 8388608                                   {product} {ergonomic}
    uintx NonNMethodCodeHeapSize                   = 5839372                                {pd product} {ergonomic}
    uintx NonProfiledCodeHeapSize                  = 122909434                              {pd product} {ergonomic}
    uintx ProfiledCodeHeapSize                     = 122909434                              {pd product} {ergonomic}
    uintx ReservedCodeCacheSize                    = 251658240                              {pd product} {ergonomic}
     bool SegmentedCodeCache                       = true                                      {product} {ergonomic}
   size_t SoftMaxHeapSize                          = 5326766080                             {manageable} {ergonomic}
     bool UseCompressedClassPointers               = true                           {product lp64_product} {ergonomic}
     bool UseCompressedOops                        = true                           {product lp64_product} {ergonomic}
     bool UseG1GC                                  = true                                      {product} {ergonomic}
     bool UseLargePagesIndividualAllocation        = false                                  {pd product} {ergonomic}

Logging:
Log output configuration:
 #0: stdout all=warning uptime,level,tags
 #1: stderr all=off uptime,level,tags

Environment Variables:
JAVA_HOME=C:\Program Files\Java\jdk-17.0.3.1
PATH=C:\Program Files\Common Files\Oracle\Java\javapath;C:\Windows\system32;C:\Windows;C:\Windows\System32\Wbem;C:\Windows\System32\WindowsPowerShell\v1.0\;C:\Windows\System32\OpenSSH\;C:\Program Files\Java\jdk-17.0.3.1\bin;C:\Users\Lenovo\Documents\Sistema\apache-maven-3.8.6\bin;C:\Program Files\Git\cmd;C:\Program Files\Docker\Docker\resources\bin;C:\Program Files\nodejs\;C:\Program Files\Amazon\AWSCLIV2\;C:\Users\Lenovo\Documents\graalvm-community-jdk-17.0.8_windows-x64_bin\graalvm-community-openjdk-17.0.8+7.1\bin;C:\Program Files\MySQL\MySQL Shell 8.0\bin\;C:\Users\Lenovo\AppData\Local\Microsoft\WindowsApps;;C:\Users\Lenovo\AppData\Local\Programs\Microsoft VS Code\bin;C:\Users\Lenovo\AppData\Roaming\npm
USERNAME=Lenovo
OS=Windows_NT
PROCESSOR_IDENTIFIER=Intel64 Family 6 Model 142 Stepping 12, GenuineIntel



---------------  S Y S T E M  ---------------

OS:
 Windows 10 , 64 bit Build 19041 (10.0.19041.3393)
OS uptime: 22 days 10:00 hours
Hyper-V role detected

CPU: total 8 (initial active 8) (4 cores per cpu, 2 threads per core) family 6 model 142 stepping 12 microcode 0xec, cx8, cmov, fxsr, ht, mmx, 3dnowpref, sse, sse2, sse3, ssse3, sse4.1, sse4.2, popcnt, lzcnt, tsc, tscinvbit, avx, avx2, aes, erms, clmul, bmi1, bmi2, adx, fma, vzeroupper, clflush, clflushopt, hv

Memory: 4k page, system-wide physical 20313M (4795M free)
TotalPageFile size 50758M (AvailPageFile size 254M)
current process WorkingSet (physical memory assigned to process): 12M, peak: 12M
current process commit charge ("private bytes"): 61M, peak: 381M

vm_info: Java HotSpot(TM) 64-Bit Server VM (17.0.3.1+2-LTS-6) for windows-amd64 JRE (17.0.3.1+2-LTS-6), built on Apr 25 2022 22:04:21 by "mach5one" with MS VC++ 16.8 / 16.9 (VS2019)

END.
